{"E:\\Code\\GeekBrains\\ReactJS.Базовый курс\\ReactJS-basics\\src\\components\\ClassDialogue\\ClassDialogue.jsx": {"path":"E:\\Code\\GeekBrains\\ReactJS.Базовый курс\\ReactJS-basics\\src\\components\\ClassDialogue\\ClassDialogue.jsx","statementMap":{"0":{"start":{"line":8,"column":4},"end":{"line":8,"column":17}},"1":{"start":{"line":9,"column":4},"end":{"line":13,"column":6}},"2":{"start":{"line":14,"column":4},"end":{"line":14,"column":24}},"3":{"start":{"line":17,"column":17},"end":{"line":19,"column":3}},"4":{"start":{"line":18,"column":4},"end":{"line":18,"column":54}},"5":{"start":{"line":21,"column":17},"end":{"line":31,"column":3}},"6":{"start":{"line":22,"column":4},"end":{"line":29,"column":5}},"7":{"start":{"line":23,"column":6},"end":{"line":23,"column":79}},"8":{"start":{"line":24,"column":6},"end":{"line":28,"column":9}},"9":{"start":{"line":30,"column":4},"end":{"line":30,"column":27}},"10":{"start":{"line":34,"column":4},"end":{"line":40,"column":5}},"11":{"start":{"line":35,"column":6},"end":{"line":35,"column":33}},"12":{"start":{"line":36,"column":6},"end":{"line":39,"column":14}},"13":{"start":{"line":37,"column":8},"end":{"line":37,"column":75}},"14":{"start":{"line":38,"column":8},"end":{"line":38,"column":57}},"15":{"start":{"line":44,"column":4},"end":{"line":54,"column":6}}},"fnMap":{"0":{"name":"(anonymous_0)","decl":{"start":{"line":7,"column":2},"end":{"line":7,"column":3}},"loc":{"start":{"line":7,"column":21},"end":{"line":15,"column":3}},"line":7},"1":{"name":"(anonymous_1)","decl":{"start":{"line":17,"column":17},"end":{"line":17,"column":18}},"loc":{"start":{"line":17,"column":28},"end":{"line":19,"column":3}},"line":17},"2":{"name":"(anonymous_2)","decl":{"start":{"line":21,"column":17},"end":{"line":21,"column":18}},"loc":{"start":{"line":21,"column":28},"end":{"line":31,"column":3}},"line":21},"3":{"name":"(anonymous_3)","decl":{"start":{"line":33,"column":2},"end":{"line":33,"column":3}},"loc":{"start":{"line":33,"column":43},"end":{"line":41,"column":3}},"line":33},"4":{"name":"(anonymous_4)","decl":{"start":{"line":36,"column":32},"end":{"line":36,"column":33}},"loc":{"start":{"line":36,"column":38},"end":{"line":39,"column":7}},"line":36},"5":{"name":"(anonymous_5)","decl":{"start":{"line":43,"column":2},"end":{"line":43,"column":3}},"loc":{"start":{"line":43,"column":11},"end":{"line":55,"column":3}},"line":43}},"branchMap":{"0":{"loc":{"start":{"line":22,"column":4},"end":{"line":29,"column":5}},"type":"if","locations":[{"start":{"line":22,"column":4},"end":{"line":29,"column":5}},{"start":{},"end":{}}],"line":22},"1":{"loc":{"start":{"line":34,"column":4},"end":{"line":40,"column":5}},"type":"if","locations":[{"start":{"line":34,"column":4},"end":{"line":40,"column":5}},{"start":{},"end":{}}],"line":34}},"s":{"0":6,"1":6,"2":6,"3":6,"4":3,"5":6,"6":3,"7":2,"8":2,"9":3,"10":6,"11":2,"12":2,"13":2,"14":2,"15":12},"f":{"0":6,"1":3,"2":3,"3":6,"4":2,"5":12},"b":{"0":[2,1],"1":[2,4]},"_coverageSchema":"1a1c01bbd47fc00a2c39e90264f33305004495a9","hash":"07676ad72f81d55a6f63db1ec304e82cd7d0d6c9"}
,"E:\\Code\\GeekBrains\\ReactJS.Базовый курс\\ReactJS-basics\\src\\components\\ClassDialogue\\components\\ClassMessageList\\ClassMessageList.jsx": {"path":"E:\\Code\\GeekBrains\\ReactJS.Базовый курс\\ReactJS-basics\\src\\components\\ClassDialogue\\components\\ClassMessageList\\ClassMessageList.jsx","statementMap":{"0":{"start":{"line":7,"column":4},"end":{"line":17,"column":6}},"1":{"start":{"line":10,"column":10},"end":{"line":14,"column":12}}},"fnMap":{"0":{"name":"(anonymous_0)","decl":{"start":{"line":6,"column":2},"end":{"line":6,"column":3}},"loc":{"start":{"line":6,"column":11},"end":{"line":18,"column":3}},"line":6},"1":{"name":"(anonymous_1)","decl":{"start":{"line":9,"column":33},"end":{"line":9,"column":34}},"loc":{"start":{"line":10,"column":10},"end":{"line":14,"column":12}},"line":10}},"branchMap":{},"s":{"0":15,"1":19},"f":{"0":15,"1":19},"b":{},"_coverageSchema":"1a1c01bbd47fc00a2c39e90264f33305004495a9","hash":"bb606dc75fc00d168ac9a040472b759c32a731d5"}
,"E:\\Code\\GeekBrains\\ReactJS.Базовый курс\\ReactJS-basics\\src\\components\\ClassDialogue\\components\\ClassMessageList\\components\\ClassMessage\\ClassMessage.jsx": {"path":"E:\\Code\\GeekBrains\\ReactJS.Базовый курс\\ReactJS-basics\\src\\components\\ClassDialogue\\components\\ClassMessageList\\components\\ClassMessage\\ClassMessage.jsx","statementMap":{"0":{"start":{"line":6,"column":4},"end":{"line":18,"column":6}}},"fnMap":{"0":{"name":"(anonymous_0)","decl":{"start":{"line":5,"column":2},"end":{"line":5,"column":3}},"loc":{"start":{"line":5,"column":11},"end":{"line":19,"column":3}},"line":5}},"branchMap":{},"s":{"0":15},"f":{"0":15},"b":{},"_coverageSchema":"1a1c01bbd47fc00a2c39e90264f33305004495a9","hash":"16bb435f66a1f5cbe1d18b30c9abb165f95c552b"}
,"E:\\Code\\GeekBrains\\ReactJS.Базовый курс\\ReactJS-basics\\src\\components\\ClassDialogue\\components\\Input\\Input.jsx": {"path":"E:\\Code\\GeekBrains\\ReactJS.Базовый курс\\ReactJS-basics\\src\\components\\ClassDialogue\\components\\Input\\Input.jsx","statementMap":{"0":{"start":{"line":6,"column":4},"end":{"line":15,"column":6}}},"fnMap":{"0":{"name":"(anonymous_0)","decl":{"start":{"line":5,"column":2},"end":{"line":5,"column":3}},"loc":{"start":{"line":5,"column":11},"end":{"line":16,"column":3}},"line":5}},"branchMap":{},"s":{"0":17},"f":{"0":17},"b":{},"_coverageSchema":"1a1c01bbd47fc00a2c39e90264f33305004495a9","hash":"0344478161a75a0eb49cdd6ab12ee0a35bd7fe7b"}
,"E:\\Code\\GeekBrains\\ReactJS.Базовый курс\\ReactJS-basics\\src\\components\\FuncDialogue\\FuncDialogue.jsx": {"path":"E:\\Code\\GeekBrains\\ReactJS.Базовый курс\\ReactJS-basics\\src\\components\\FuncDialogue\\FuncDialogue.jsx","statementMap":{"0":{"start":{"line":6,"column":28},"end":{"line":6,"column":55}},"1":{"start":{"line":8,"column":28},"end":{"line":52,"column":1}},"2":{"start":{"line":9,"column":34},"end":{"line":11,"column":4}},"3":{"start":{"line":12,"column":38},"end":{"line":12,"column":50}},"4":{"start":{"line":13,"column":52},"end":{"line":13,"column":63}},"5":{"start":{"line":15,"column":23},"end":{"line":17,"column":3}},"6":{"start":{"line":16,"column":4},"end":{"line":16,"column":38}},"7":{"start":{"line":19,"column":23},"end":{"line":26,"column":3}},"8":{"start":{"line":20,"column":4},"end":{"line":24,"column":5}},"9":{"start":{"line":21,"column":6},"end":{"line":21,"column":70}},"10":{"start":{"line":22,"column":6},"end":{"line":22,"column":24}},"11":{"start":{"line":23,"column":6},"end":{"line":23,"column":50}},"12":{"start":{"line":25,"column":4},"end":{"line":25,"column":27}},"13":{"start":{"line":28,"column":31},"end":{"line":28,"column":56}},"14":{"start":{"line":29,"column":2},"end":{"line":39,"column":36}},"15":{"start":{"line":30,"column":4},"end":{"line":38,"column":5}},"16":{"start":{"line":34,"column":22},"end":{"line":36,"column":13}},"17":{"start":{"line":35,"column":8},"end":{"line":35,"column":77}},"18":{"start":{"line":37,"column":6},"end":{"line":37,"column":41}},"19":{"start":{"line":37,"column":19},"end":{"line":37,"column":40}},"20":{"start":{"line":41,"column":2},"end":{"line":51,"column":4}}},"fnMap":{"0":{"name":"(anonymous_0)","decl":{"start":{"line":8,"column":28},"end":{"line":8,"column":29}},"loc":{"start":{"line":8,"column":34},"end":{"line":52,"column":1}},"line":8},"1":{"name":"(anonymous_1)","decl":{"start":{"line":15,"column":23},"end":{"line":15,"column":24}},"loc":{"start":{"line":15,"column":34},"end":{"line":17,"column":3}},"line":15},"2":{"name":"(anonymous_2)","decl":{"start":{"line":19,"column":23},"end":{"line":19,"column":24}},"loc":{"start":{"line":19,"column":34},"end":{"line":26,"column":3}},"line":19},"3":{"name":"(anonymous_3)","decl":{"start":{"line":29,"column":12},"end":{"line":29,"column":13}},"loc":{"start":{"line":29,"column":18},"end":{"line":39,"column":3}},"line":29},"4":{"name":"(anonymous_4)","decl":{"start":{"line":34,"column":33},"end":{"line":34,"column":34}},"loc":{"start":{"line":34,"column":39},"end":{"line":36,"column":7}},"line":34},"5":{"name":"(anonymous_5)","decl":{"start":{"line":37,"column":13},"end":{"line":37,"column":14}},"loc":{"start":{"line":37,"column":19},"end":{"line":37,"column":40}},"line":37}},"branchMap":{"0":{"loc":{"start":{"line":20,"column":4},"end":{"line":24,"column":5}},"type":"if","locations":[{"start":{"line":20,"column":4},"end":{"line":24,"column":5}},{"start":{},"end":{}}],"line":20},"1":{"loc":{"start":{"line":30,"column":4},"end":{"line":38,"column":5}},"type":"if","locations":[{"start":{"line":30,"column":4},"end":{"line":38,"column":5}},{"start":{},"end":{}}],"line":30},"2":{"loc":{"start":{"line":31,"column":6},"end":{"line":32,"column":56}},"type":"binary-expr","locations":[{"start":{"line":31,"column":6},"end":{"line":31,"column":52}},{"start":{"line":32,"column":6},"end":{"line":32,"column":56}}],"line":31}},"s":{"0":1,"1":1,"2":12,"3":12,"4":12,"5":12,"6":3,"7":12,"8":3,"9":2,"10":2,"11":2,"12":3,"13":12,"14":12,"15":9,"16":2,"17":1,"18":2,"19":2,"20":12},"f":{"0":12,"1":3,"2":3,"3":9,"4":1,"5":2},"b":{"0":[2,1],"1":[2,7],"2":[9,8]},"_coverageSchema":"1a1c01bbd47fc00a2c39e90264f33305004495a9","hash":"0d46c0fe1bed9241369e2a5484091d41bbff741b"}
,"E:\\Code\\GeekBrains\\ReactJS.Базовый курс\\ReactJS-basics\\src\\components\\FuncDialogue\\components\\FuncMessageList\\FuncMessageList.jsx": {"path":"E:\\Code\\GeekBrains\\ReactJS.Базовый курс\\ReactJS-basics\\src\\components\\FuncDialogue\\components\\FuncMessageList\\FuncMessageList.jsx","statementMap":{"0":{"start":{"line":5,"column":24},"end":{"line":5,"column":47}},"1":{"start":{"line":7,"column":31},"end":{"line":19,"column":1}},"2":{"start":{"line":8,"column":2},"end":{"line":18,"column":4}},"3":{"start":{"line":11,"column":8},"end":{"line":15,"column":10}}},"fnMap":{"0":{"name":"(anonymous_0)","decl":{"start":{"line":7,"column":31},"end":{"line":7,"column":32}},"loc":{"start":{"line":7,"column":42},"end":{"line":19,"column":1}},"line":7},"1":{"name":"(anonymous_1)","decl":{"start":{"line":10,"column":26},"end":{"line":10,"column":27}},"loc":{"start":{"line":11,"column":8},"end":{"line":15,"column":10}},"line":11}},"branchMap":{},"s":{"0":2,"1":2,"2":12,"3":16},"f":{"0":12,"1":16},"b":{},"_coverageSchema":"1a1c01bbd47fc00a2c39e90264f33305004495a9","hash":"12454f86e104a11d468164248a8e1bf300b22f3a"}
,"E:\\Code\\GeekBrains\\ReactJS.Базовый курс\\ReactJS-basics\\src\\components\\FuncDialogue\\components\\FuncMessageList\\components\\FuncMessage\\FuncMessage.jsx": {"path":"E:\\Code\\GeekBrains\\ReactJS.Базовый курс\\ReactJS-basics\\src\\components\\FuncDialogue\\components\\FuncMessageList\\components\\FuncMessage\\FuncMessage.jsx","statementMap":{"0":{"start":{"line":4,"column":27},"end":{"line":15,"column":1}},"1":{"start":{"line":5,"column":2},"end":{"line":14,"column":4}}},"fnMap":{"0":{"name":"(anonymous_0)","decl":{"start":{"line":4,"column":27},"end":{"line":4,"column":28}},"loc":{"start":{"line":4,"column":38},"end":{"line":15,"column":1}},"line":4}},"branchMap":{},"s":{"0":3,"1":15},"f":{"0":15},"b":{},"_coverageSchema":"1a1c01bbd47fc00a2c39e90264f33305004495a9","hash":"01c1877cdee5af6e2f634c1805f02c46d076fea0"}
,"E:\\Code\\GeekBrains\\ReactJS.Базовый курс\\ReactJS-basics\\src\\components\\FuncDialogue\\components\\Input\\Input.jsx": {"path":"E:\\Code\\GeekBrains\\ReactJS.Базовый курс\\ReactJS-basics\\src\\components\\FuncDialogue\\components\\Input\\Input.jsx","statementMap":{"0":{"start":{"line":4,"column":21},"end":{"line":15,"column":1}},"1":{"start":{"line":5,"column":2},"end":{"line":14,"column":4}}},"fnMap":{"0":{"name":"(anonymous_0)","decl":{"start":{"line":4,"column":21},"end":{"line":4,"column":22}},"loc":{"start":{"line":4,"column":32},"end":{"line":15,"column":1}},"line":4}},"branchMap":{},"s":{"0":2,"1":17},"f":{"0":17},"b":{},"_coverageSchema":"1a1c01bbd47fc00a2c39e90264f33305004495a9","hash":"2c8add90af20352b1e8462853ab60ee507975c3d"}
}
