TN:
SF:src\components\ClassDialogue\ClassDialogue.jsx
FN:7,(anonymous_0)
FN:17,(anonymous_1)
FN:21,(anonymous_2)
FN:33,(anonymous_3)
FN:36,(anonymous_4)
FN:43,(anonymous_5)
FNF:6
FNH:6
FNDA:6,(anonymous_0)
FNDA:3,(anonymous_1)
FNDA:3,(anonymous_2)
FNDA:6,(anonymous_3)
FNDA:2,(anonymous_4)
FNDA:12,(anonymous_5)
DA:8,6
DA:9,6
DA:14,6
DA:17,6
DA:18,3
DA:21,6
DA:22,3
DA:23,2
DA:24,2
DA:30,3
DA:34,6
DA:35,2
DA:36,2
DA:37,2
DA:38,2
DA:44,12
LF:16
LH:16
BRDA:22,0,0,2
BRDA:22,0,1,1
BRDA:34,1,0,2
BRDA:34,1,1,4
BRF:4
BRH:4
end_of_record
TN:
SF:src\components\ClassDialogue\components\ClassMessageList\ClassMessageList.jsx
FN:6,(anonymous_0)
FN:9,(anonymous_1)
FNF:2
FNH:2
FNDA:15,(anonymous_0)
FNDA:19,(anonymous_1)
DA:7,15
DA:10,19
LF:2
LH:2
BRF:0
BRH:0
end_of_record
TN:
SF:src\components\ClassDialogue\components\ClassMessageList\components\ClassMessage\ClassMessage.jsx
FN:5,(anonymous_0)
FNF:1
FNH:1
FNDA:15,(anonymous_0)
DA:6,15
LF:1
LH:1
BRF:0
BRH:0
end_of_record
TN:
SF:src\components\ClassDialogue\components\Input\Input.jsx
FN:5,(anonymous_0)
FNF:1
FNH:1
FNDA:17,(anonymous_0)
DA:6,17
LF:1
LH:1
BRF:0
BRH:0
end_of_record
TN:
SF:src\components\FuncDialogue\FuncDialogue.jsx
FN:8,(anonymous_0)
FN:15,(anonymous_1)
FN:19,(anonymous_2)
FN:29,(anonymous_3)
FN:34,(anonymous_4)
FN:37,(anonymous_5)
FNF:6
FNH:6
FNDA:12,(anonymous_0)
FNDA:3,(anonymous_1)
FNDA:3,(anonymous_2)
FNDA:9,(anonymous_3)
FNDA:1,(anonymous_4)
FNDA:2,(anonymous_5)
DA:6,1
DA:8,1
DA:9,12
DA:12,12
DA:13,12
DA:15,12
DA:16,3
DA:19,12
DA:20,3
DA:21,2
DA:22,2
DA:23,2
DA:25,3
DA:28,12
DA:29,12
DA:30,9
DA:34,2
DA:35,1
DA:37,2
DA:41,12
LF:20
LH:20
BRDA:20,0,0,2
BRDA:20,0,1,1
BRDA:30,1,0,2
BRDA:30,1,1,7
BRDA:31,2,0,9
BRDA:31,2,1,8
BRF:6
BRH:6
end_of_record
TN:
SF:src\components\FuncDialogue\components\FuncMessageList\FuncMessageList.jsx
FN:7,(anonymous_0)
FN:10,(anonymous_1)
FNF:2
FNH:2
FNDA:12,(anonymous_0)
FNDA:16,(anonymous_1)
DA:5,2
DA:7,2
DA:8,12
DA:11,16
LF:4
LH:4
BRF:0
BRH:0
end_of_record
TN:
SF:src\components\FuncDialogue\components\FuncMessageList\components\FuncMessage\FuncMessage.jsx
FN:4,(anonymous_0)
FNF:1
FNH:1
FNDA:15,(anonymous_0)
DA:4,3
DA:5,15
LF:2
LH:2
BRF:0
BRH:0
end_of_record
TN:
SF:src\components\FuncDialogue\components\Input\Input.jsx
FN:4,(anonymous_0)
FNF:1
FNH:1
FNDA:17,(anonymous_0)
DA:4,2
DA:5,17
LF:2
LH:2
BRF:0
BRH:0
end_of_record
